# JRE version: OpenJDK Runtime Environment (11.0.10) (build 11.0.10+0-b96-7249189)
# Java VM: OpenJDK 64-Bit Server VM (11.0.10+0-b96-7249189, mixed mode, tiered, compressed oops, g1 gc, windows-amd64)
Heap:
 garbage-first heap   total 474112K, used 195843K [0x0000000080000000, 0x0000000100000000)
  region size 1024K, 8 young (8192K), 8 survivors (8192K)
 Metaspace       used 100188K, capacity 102703K, committed 104320K, reserved 1138688K
  class space    used 13069K, capacity 14098K, committed 14720K, reserved 1048576K
GC Heap History (20 events):
Event: 13.428 GC heap after
{Heap after GC invocations=18 (full 0):
 garbage-first heap   total 260096K, used 104196K [0x0000000080000000, 0x0000000100000000)
  region size 1024K, 14 young (14336K), 14 survivors (14336K)
 Metaspace       used 89333K, capacity 91520K, committed 91648K, reserved 1128448K
  class space    used 11603K, capacity 12425K, committed 12544K, reserved 1048576K
}
Event: 13.823 GC heap before
{Heap before GC invocations=18 (full 0):
 garbage-first heap   total 260096K, used 190212K [0x0000000080000000, 0x0000000100000000)
  region size 1024K, 99 young (101376K), 14 survivors (14336K)
 Metaspace       used 93005K, capacity 95500K, committed 95616K, reserved 1132544K
  class space    used 12148K, capacity 13071K, committed 13184K, reserved 1048576K
}
Event: 13.862 GC heap after
{Heap after GC invocations=19 (full 0):
 garbage-first heap   total 312320K, used 121542K [0x0000000080000000, 0x0000000100000000)
  region size 1024K, 13 young (13312K), 13 survivors (13312K)
 Metaspace       used 93005K, capacity 95500K, committed 95616K, reserved 1132544K
  class space    used 12148K, capacity 13071K, committed 13184K, reserved 1048576K
}
Event: 14.205 GC heap before
{Heap before GC invocations=19 (full 0):
 garbage-first heap   total 312320K, used 217798K [0x0000000080000000, 0x0000000100000000)
  region size 1024K, 108 young (110592K), 13 survivors (13312K)
 Metaspace       used 95444K, capacity 98146K, committed 98176K, reserved 1134592K
  class space    used 12586K, capacity 13675K, committed 13696K, reserved 1048576K
}
Event: 14.251 GC heap after
{Heap after GC invocations=20 (full 0):
 garbage-first heap   total 312320K, used 141312K [0x0000000080000000, 0x0000000100000000)
  region size 1024K, 14 young (14336K), 14 survivors (14336K)
 Metaspace       used 95444K, capacity 98146K, committed 98176K, reserved 1134592K
  class space    used 12586K, capacity 13675K, committed 13696K, reserved 1048576K
}
Event: 14.588 GC heap before
{Heap before GC invocations=20 (full 0):
 garbage-first heap   total 312320K, used 230400K [0x0000000080000000, 0x0000000100000000)
  region size 1024K, 102 young (104448K), 14 survivors (14336K)
 Metaspace       used 98613K, capacity 101509K, committed 101632K, reserved 1136640K
  class space    used 13113K, capacity 14260K, committed 14336K, reserved 1048576K
}
Event: 14.623 GC heap after
{Heap after GC invocations=21 (full 0):
 garbage-first heap   total 312320K, used 157091K [0x0000000080000000, 0x0000000100000000)
  region size 1024K, 13 young (13312K), 13 survivors (13312K)
 Metaspace       used 98613K, capacity 101509K, committed 101632K, reserved 1136640K
  class space    used 13113K, capacity 14260K, committed 14336K, reserved 1048576K
}
Event: 14.982 GC heap before
{Heap before GC invocations=21 (full 0):
 garbage-first heap   total 312320K, used 237987K [0x0000000080000000, 0x0000000100000000)
  region size 1024K, 93 young (95232K), 13 survivors (13312K)
 Metaspace       used 99698K, capacity 102713K, committed 102912K, reserved 1138688K
  class space    used 13301K, capacity 14533K, committed 14592K, reserved 1048576K
}
Event: 15.017 GC heap after
{Heap after GC invocations=22 (full 0):
 garbage-first heap   total 312320K, used 166601K [0x0000000080000000, 0x0000000100000000)
  region size 1024K, 9 young (9216K), 9 survivors (9216K)
 Metaspace       used 99698K, capacity 102713K, committed 102912K, reserved 1138688K
  class space    used 13301K, capacity 14533K, committed 14592K, reserved 1048576K
}
Event: 15.556 GC heap before
{Heap before GC invocations=23 (full 0):
 garbage-first heap   total 312320K, used 244425K [0x0000000080000000, 0x0000000100000000)
  region size 1024K, 85 young (87040K), 9 survivors (9216K)
 Metaspace       used 99260K, capacity 101790K, committed 103424K, reserved 1138688K
  class space    used 13029K, capacity 14038K, committed 14592K, reserved 1048576K
}
Event: 15.579 GC heap after
{Heap after GC invocations=24 (full 0):
 garbage-first heap   total 405504K, used 174727K [0x0000000080000000, 0x0000000100000000)
  region size 1024K, 8 young (8192K), 8 survivors (8192K)
 Metaspace       used 99260K, capacity 101790K, committed 103424K, reserved 1138688K
  class space    used 13029K, capacity 14038K, committed 14592K, reserved 1048576K
}
Event: 15.955 GC heap before
{Heap before GC invocations=24 (full 0):
 garbage-first heap   total 405504K, used 286343K [0x0000000080000000, 0x0000000100000000)
  region size 1024K, 118 young (120832K), 8 survivors (8192K)
 Metaspace       used 99519K, capacity 102010K, committed 103424K, reserved 1138688K
  class space    used 13044K, capacity 14047K, committed 14592K, reserved 1048576K
}
Event: 15.971 GC heap after
{Heap after GC invocations=25 (full 0):
 garbage-first heap   total 405504K, used 180104K [0x0000000080000000, 0x0000000100000000)
  region size 1024K, 13 young (13312K), 13 survivors (13312K)
 Metaspace       used 99519K, capacity 102010K, committed 103424K, reserved 1138688K
  class space    used 13044K, capacity 14047K, committed 14592K, reserved 1048576K
}
Event: 16.359 GC heap before
{Heap before GC invocations=25 (full 0):
 garbage-first heap   total 405504K, used 296840K [0x0000000080000000, 0x0000000100000000)
  region size 1024K, 127 young (130048K), 13 survivors (13312K)
 Metaspace       used 99644K, capacity 102165K, committed 103680K, reserved 1138688K
  class space    used 13049K, capacity 14056K, committed 14592K, reserved 1048576K
}
Event: 16.383 GC heap after
{Heap after GC invocations=26 (full 0):
 garbage-first heap   total 405504K, used 188883K [0x0000000080000000, 0x0000000100000000)
  region size 1024K, 15 young (15360K), 15 survivors (15360K)
 Metaspace       used 99644K, capacity 102165K, committed 103680K, reserved 1138688K
  class space    used 13049K, capacity 14056K, committed 14592K, reserved 1048576K
}
Event: 16.817 GC heap before
{Heap before GC invocations=26 (full 0):
 garbage-first heap   total 405504K, used 305619K [0x0000000080000000, 0x0000000100000000)
  region size 1024K, 129 young (132096K), 15 survivors (15360K)
 Metaspace       used 99696K, capacity 102250K, committed 103680K, reserved 1138688K
  class space    used 13053K, capacity 14063K, committed 14592K, reserved 1048576K
}
Event: 16.841 GC heap after
{Heap after GC invocations=27 (full 0):
 garbage-first heap   total 405504K, used 192781K [0x0000000080000000, 0x0000000100000000)
  region size 1024K, 13 young (13312K), 13 survivors (13312K)
 Metaspace       used 99696K, capacity 102250K, committed 103680K, reserved 1138688K
  class space    used 13053K, capacity 14063K, committed 14592K, reserved 1048576K
}
Event: 17.278 GC heap before
{Heap before GC invocations=27 (full 0):
 garbage-first heap   total 405504K, used 312589K [0x0000000080000000, 0x0000000100000000)
  region size 1024K, 130 young (133120K), 13 survivors (13312K)
 Metaspace       used 99919K, capacity 102478K, committed 104064K, reserved 1138688K
  class space    used 13067K, capacity 14095K, committed 14720K, reserved 1048576K
}
Event: 17.297 GC heap after
{Heap after GC invocations=28 (full 0):
 garbage-first heap   total 405504K, used 197163K [0x0000000080000000, 0x0000000100000000)
  region size 1024K, 10 young (10240K), 10 survivors (10240K)
 Metaspace       used 99919K, capacity 102478K, committed 104064K, reserved 1138688K
  class space    used 13067K, capacity 14095K, committed 14720K, reserved 1048576K
}
Event: 17.755 GC heap before
{Heap before GC invocations=28 (full 0):
 garbage-first heap   total 405504K, used 320043K [0x0000000080000000, 0x0000000100000000)
  region size 1024K, 130 young (133120K), 10 survivors (10240K)
 Metaspace       used 100188K, capacity 102703K, committed 104320K, reserved 1138688K
  class space    used 13069K, capacity 14098K, committed 14720K, reserved 1048576K
}

