# JRE version: OpenJDK Runtime Environment (11.0.10) (build 11.0.10+0-b96-7249189)
# Java VM: OpenJDK 64-Bit Server VM (11.0.10+0-b96-7249189, mixed mode, tiered, compressed oops, g1 gc, windows-amd64)
Heap:
 garbage-first heap   total 506880K, used 202091K [0x0000000080000000, 0x0000000100000000)
  region size 1024K, 2 young (2048K), 2 survivors (2048K)
 Metaspace       used 165210K, capacity 171031K, committed 174120K, reserved 1200128K
  class space    used 19921K, capacity 21943K, committed 22732K, reserved 1048576K
GC Heap History (20 events):
Event: 39228.732 GC heap after
{Heap after GC invocations=424 (full 0):
 garbage-first heap   total 262144K, used 148947K [0x0000000080000000, 0x0000000100000000)
  region size 1024K, 2 young (2048K), 2 survivors (2048K)
 Metaspace       used 163883K, capacity 169428K, committed 174120K, reserved 1200128K
  class space    used 19747K, capacity 21697K, committed 22732K, reserved 1048576K
}
Event: 39229.037 GC heap before
{Heap before GC invocations=424 (full 0):
 garbage-first heap   total 262144K, used 207315K [0x0000000080000000, 0x0000000100000000)
  region size 1024K, 59 young (60416K), 2 survivors (2048K)
 Metaspace       used 163886K, capacity 169429K, committed 174120K, reserved 1200128K
  class space    used 19747K, capacity 21697K, committed 22732K, reserved 1048576K
}
Event: 39229.044 GC heap after
{Heap after GC invocations=425 (full 0):
 garbage-first heap   total 262144K, used 147645K [0x0000000080000000, 0x0000000100000000)
  region size 1024K, 1 young (1024K), 1 survivors (1024K)
 Metaspace       used 163886K, capacity 169429K, committed 174120K, reserved 1200128K
  class space    used 19747K, capacity 21697K, committed 22732K, reserved 1048576K
}
Event: 39229.507 GC heap before
{Heap before GC invocations=426 (full 0):
 garbage-first heap   total 262144K, used 224445K [0x0000000080000000, 0x0000000100000000)
  region size 1024K, 62 young (63488K), 1 survivors (1024K)
 Metaspace       used 164182K, capacity 169756K, committed 174120K, reserved 1200128K
  class space    used 19776K, capacity 21733K, committed 22732K, reserved 1048576K
}
Event: 39229.522 GC heap after
{Heap after GC invocations=427 (full 0):
 garbage-first heap   total 262144K, used 153212K [0x0000000080000000, 0x0000000100000000)
  region size 1024K, 6 young (6144K), 6 survivors (6144K)
 Metaspace       used 164182K, capacity 169756K, committed 174120K, reserved 1200128K
  class space    used 19776K, capacity 21733K, committed 22732K, reserved 1048576K
}
Event: 39229.547 GC heap before
{Heap before GC invocations=427 (full 0):
 garbage-first heap   total 262144K, used 159356K [0x0000000080000000, 0x0000000100000000)
  region size 1024K, 12 young (12288K), 6 survivors (6144K)
 Metaspace       used 164214K, capacity 169835K, committed 174120K, reserved 1200128K
  class space    used 19780K, capacity 21738K, committed 22732K, reserved 1048576K
}
Event: 39229.556 GC heap after
{Heap after GC invocations=428 (full 0):
 garbage-first heap   total 262144K, used 153513K [0x0000000080000000, 0x0000000100000000)
  region size 1024K, 1 young (1024K), 1 survivors (1024K)
 Metaspace       used 164214K, capacity 169835K, committed 174120K, reserved 1200128K
  class space    used 19780K, capacity 21738K, committed 22732K, reserved 1048576K
}
Event: 39229.836 GC heap before
{Heap before GC invocations=428 (full 0):
 garbage-first heap   total 262144K, used 212905K [0x0000000080000000, 0x0000000100000000)
  region size 1024K, 60 young (61440K), 1 survivors (1024K)
 Metaspace       used 164323K, capacity 169905K, committed 174120K, reserved 1200128K
  class space    used 19795K, capacity 21761K, committed 22732K, reserved 1048576K
}
Event: 39229.844 GC heap after
{Heap after GC invocations=429 (full 0):
 garbage-first heap   total 262144K, used 154517K [0x0000000080000000, 0x0000000100000000)
  region size 1024K, 2 young (2048K), 2 survivors (2048K)
 Metaspace       used 164323K, capacity 169905K, committed 174120K, reserved 1200128K
  class space    used 19795K, capacity 21761K, committed 22732K, reserved 1048576K
}
Event: 39230.810 GC heap before
{Heap before GC invocations=430 (full 0):
 garbage-first heap   total 262144K, used 231317K [0x0000000080000000, 0x0000000100000000)
  region size 1024K, 63 young (64512K), 2 survivors (2048K)
 Metaspace       used 164972K, capacity 170752K, committed 174120K, reserved 1200128K
  class space    used 19904K, capacity 21935K, committed 22732K, reserved 1048576K
}
Event: 39230.827 GC heap after
{Heap after GC invocations=431 (full 0):
 garbage-first heap   total 262144K, used 173951K [0x0000000080000000, 0x0000000100000000)
  region size 1024K, 8 young (8192K), 8 survivors (8192K)
 Metaspace       used 164972K, capacity 170752K, committed 174120K, reserved 1200128K
  class space    used 19904K, capacity 21935K, committed 22732K, reserved 1048576K
}
Event: 39230.843 GC heap before
{Heap before GC invocations=431 (full 0):
 garbage-first heap   total 262144K, used 178047K [0x0000000080000000, 0x0000000100000000)
  region size 1024K, 12 young (12288K), 8 survivors (8192K)
 Metaspace       used 164972K, capacity 170752K, committed 174120K, reserved 1200128K
  class space    used 19904K, capacity 21935K, committed 22732K, reserved 1048576K
}
Event: 39230.860 GC heap after
{Heap after GC invocations=432 (full 0):
 garbage-first heap   total 262144K, used 157921K [0x0000000080000000, 0x0000000100000000)
  region size 1024K, 2 young (2048K), 2 survivors (2048K)
 Metaspace       used 164972K, capacity 170752K, committed 174120K, reserved 1200128K
  class space    used 19904K, capacity 21935K, committed 22732K, reserved 1048576K
}
Event: 39230.977 GC heap before
{Heap before GC invocations=432 (full 0):
 garbage-first heap   total 262144K, used 182497K [0x0000000080000000, 0x0000000100000000)
  region size 1024K, 27 young (27648K), 2 survivors (2048K)
 Metaspace       used 164972K, capacity 170752K, committed 174120K, reserved 1200128K
  class space    used 19904K, capacity 21935K, committed 22732K, reserved 1048576K
}
Event: 39231.004 GC heap after
{Heap after GC invocations=433 (full 0):
 garbage-first heap   total 262144K, used 167475K [0x0000000080000000, 0x0000000100000000)
  region size 1024K, 7 young (7168K), 7 survivors (7168K)
 Metaspace       used 164972K, capacity 170752K, committed 174120K, reserved 1200128K
  class space    used 19904K, capacity 21935K, committed 22732K, reserved 1048576K
}
Event: 39231.354 GC heap before
{Heap before GC invocations=433 (full 0):
 garbage-first heap   total 262144K, used 207411K [0x0000000080000000, 0x0000000100000000)
  region size 1024K, 45 young (46080K), 7 survivors (7168K)
 Metaspace       used 165189K, capacity 170966K, committed 174120K, reserved 1200128K
  class space    used 19921K, capacity 21943K, committed 22732K, reserved 1048576K
}
Event: 39231.405 GC heap after
{Heap after GC invocations=434 (full 0):
 garbage-first heap   total 262144K, used 187690K [0x0000000080000000, 0x0000000100000000)
  region size 1024K, 6 young (6144K), 6 survivors (6144K)
 Metaspace       used 165189K, capacity 170966K, committed 174120K, reserved 1200128K
  class space    used 19921K, capacity 21943K, committed 22732K, reserved 1048576K
}
Event: 39231.503 GC heap before
{Heap before GC invocations=435 (full 0):
 garbage-first heap   total 262144K, used 211242K [0x0000000080000000, 0x0000000100000000)
  region size 1024K, 29 young (29696K), 6 survivors (6144K)
 Metaspace       used 165204K, capacity 171030K, committed 174120K, reserved 1200128K
  class space    used 19921K, capacity 21943K, committed 22732K, reserved 1048576K
}
Event: 39231.544 GC heap after
{Heap after GC invocations=436 (full 0):
 garbage-first heap   total 262144K, used 201478K [0x0000000080000000, 0x0000000100000000)
  region size 1024K, 4 young (4096K), 4 survivors (4096K)
 Metaspace       used 165204K, capacity 171030K, committed 174120K, reserved 1200128K
  class space    used 19921K, capacity 21943K, committed 22732K, reserved 1048576K
}
Event: 39231.571 GC heap before
{Heap before GC invocations=436 (full 0):
 garbage-first heap   total 262144K, used 208646K [0x0000000080000000, 0x0000000100000000)
  region size 1024K, 12 young (12288K), 4 survivors (4096K)
 Metaspace       used 165210K, capacity 171031K, committed 174120K, reserved 1200128K
  class space    used 19921K, capacity 21943K, committed 22732K, reserved 1048576K
}

