# JRE version: OpenJDK Runtime Environment (11.0.10) (build 11.0.10+0-b96-7249189)
# Java VM: OpenJDK 64-Bit Server VM (11.0.10+0-b96-7249189, mixed mode, tiered, compressed oops, g1 gc, windows-amd64)
Heap:
 garbage-first heap   total 389120K, used 226128K [0x0000000080000000, 0x0000000100000000)
  region size 1024K, 2 young (2048K), 2 survivors (2048K)
 Metaspace       used 102556K, capacity 105240K, committed 105420K, reserved 1140736K
  class space    used 13439K, capacity 14469K, committed 14540K, reserved 1048576K
GC Heap History (20 events):
Event: 17.406 GC heap after
{Heap after GC invocations=23 (full 0):
 garbage-first heap   total 323584K, used 183162K [0x0000000080000000, 0x0000000100000000)
  region size 1024K, 6 young (6144K), 6 survivors (6144K)
 Metaspace       used 95770K, capacity 98210K, committed 98380K, reserved 1134592K
  class space    used 12618K, capacity 13528K, committed 13644K, reserved 1048576K
}
Event: 18.462 GC heap before
{Heap before GC invocations=24 (full 0):
 garbage-first heap   total 323584K, used 237434K [0x0000000080000000, 0x0000000100000000)
  region size 1024K, 56 young (57344K), 6 survivors (6144K)
 Metaspace       used 95956K, capacity 98282K, committed 98636K, reserved 1134592K
  class space    used 12617K, capacity 13495K, committed 13644K, reserved 1048576K
}
Event: 18.481 GC heap after
{Heap after GC invocations=25 (full 0):
 garbage-first heap   total 323584K, used 188331K [0x0000000080000000, 0x0000000100000000)
  region size 1024K, 5 young (5120K), 5 survivors (5120K)
 Metaspace       used 95956K, capacity 98282K, committed 98636K, reserved 1134592K
  class space    used 12617K, capacity 13495K, committed 13644K, reserved 1048576K
}
Event: 18.710 GC heap before
{Heap before GC invocations=25 (full 0):
 garbage-first heap   total 323584K, used 197547K [0x0000000080000000, 0x0000000100000000)
  region size 1024K, 15 young (15360K), 5 survivors (5120K)
 Metaspace       used 96321K, capacity 98689K, committed 98892K, reserved 1134592K
  class space    used 12662K, capacity 13567K, committed 13644K, reserved 1048576K
}
Event: 18.723 GC heap after
{Heap after GC invocations=26 (full 0):
 garbage-first heap   total 323584K, used 187497K [0x0000000080000000, 0x0000000100000000)
  region size 1024K, 2 young (2048K), 2 survivors (2048K)
 Metaspace       used 96321K, capacity 98689K, committed 98892K, reserved 1134592K
  class space    used 12662K, capacity 13567K, committed 13644K, reserved 1048576K
}
Event: 18.988 GC heap before
{Heap before GC invocations=26 (full 0):
 garbage-first heap   total 323584K, used 212073K [0x0000000080000000, 0x0000000100000000)
  region size 1024K, 27 young (27648K), 2 survivors (2048K)
 Metaspace       used 96639K, capacity 98979K, committed 99276K, reserved 1134592K
  class space    used 12694K, capacity 13599K, committed 13772K, reserved 1048576K
}
Event: 18.996 GC heap after
{Heap after GC invocations=27 (full 0):
 garbage-first heap   total 323584K, used 191653K [0x0000000080000000, 0x0000000100000000)
  region size 1024K, 6 young (6144K), 6 survivors (6144K)
 Metaspace       used 96639K, capacity 98979K, committed 99276K, reserved 1134592K
  class space    used 12694K, capacity 13599K, committed 13772K, reserved 1048576K
}
Event: 19.633 GC heap before
{Heap before GC invocations=28 (full 0):
 garbage-first heap   total 323584K, used 255141K [0x0000000080000000, 0x0000000100000000)
  region size 1024K, 60 young (61440K), 6 survivors (6144K)
 Metaspace       used 97860K, capacity 100317K, committed 100684K, reserved 1136640K
  class space    used 12839K, capacity 13746K, committed 13900K, reserved 1048576K
}
Event: 19.641 GC heap after
{Heap after GC invocations=29 (full 0):
 garbage-first heap   total 323584K, used 201629K [0x0000000080000000, 0x0000000100000000)
  region size 1024K, 5 young (5120K), 5 survivors (5120K)
 Metaspace       used 97860K, capacity 100317K, committed 100684K, reserved 1136640K
  class space    used 12839K, capacity 13746K, committed 13900K, reserved 1048576K
}
Event: 19.702 GC heap before
{Heap before GC invocations=29 (full 0):
 garbage-first heap   total 323584K, used 210845K [0x0000000080000000, 0x0000000100000000)
  region size 1024K, 15 young (15360K), 5 survivors (5120K)
 Metaspace       used 98200K, capacity 100620K, committed 100940K, reserved 1136640K
  class space    used 12881K, capacity 13782K, committed 13900K, reserved 1048576K
}
Event: 19.708 GC heap after
{Heap after GC invocations=30 (full 0):
 garbage-first heap   total 323584K, used 202844K [0x0000000080000000, 0x0000000100000000)
  region size 1024K, 2 young (2048K), 2 survivors (2048K)
 Metaspace       used 98200K, capacity 100620K, committed 100940K, reserved 1136640K
  class space    used 12881K, capacity 13782K, committed 13900K, reserved 1048576K
}
Event: 19.780 GC heap before
{Heap before GC invocations=30 (full 0):
 garbage-first heap   total 323584K, used 230492K [0x0000000080000000, 0x0000000100000000)
  region size 1024K, 31 young (31744K), 2 survivors (2048K)
 Metaspace       used 98511K, capacity 100977K, committed 101196K, reserved 1136640K
  class space    used 12923K, capacity 13815K, committed 13900K, reserved 1048576K
}
Event: 19.790 GC heap after
{Heap after GC invocations=31 (full 0):
 garbage-first heap   total 323584K, used 207812K [0x0000000080000000, 0x0000000100000000)
  region size 1024K, 7 young (7168K), 7 survivors (7168K)
 Metaspace       used 98511K, capacity 100977K, committed 101196K, reserved 1136640K
  class space    used 12923K, capacity 13815K, committed 13900K, reserved 1048576K
}
Event: 20.091 GC heap before
{Heap before GC invocations=31 (full 0):
 garbage-first heap   total 323584K, used 265156K [0x0000000080000000, 0x0000000100000000)
  region size 1024K, 53 young (54272K), 7 survivors (7168K)
 Metaspace       used 99278K, capacity 101717K, committed 101836K, reserved 1136640K
  class space    used 12995K, capacity 13912K, committed 14028K, reserved 1048576K
}
Event: 20.102 GC heap after
{Heap after GC invocations=32 (full 0):
 garbage-first heap   total 323584K, used 224291K [0x0000000080000000, 0x0000000100000000)
  region size 1024K, 7 young (7168K), 7 survivors (7168K)
 Metaspace       used 99278K, capacity 101717K, committed 101836K, reserved 1136640K
  class space    used 12995K, capacity 13912K, committed 14028K, reserved 1048576K
}
Event: 20.479 GC heap before
{Heap before GC invocations=33 (full 0):
 garbage-first heap   total 323584K, used 264227K [0x0000000080000000, 0x0000000100000000)
  region size 1024K, 47 young (48128K), 7 survivors (7168K)
 Metaspace       used 99932K, capacity 102433K, committed 102604K, reserved 1138688K
  class space    used 13072K, capacity 13997K, committed 14028K, reserved 1048576K
}
Event: 20.487 GC heap after
{Heap after GC invocations=34 (full 0):
 garbage-first heap   total 323584K, used 225146K [0x0000000080000000, 0x0000000100000000)
  region size 1024K, 2 young (2048K), 2 survivors (2048K)
 Metaspace       used 99932K, capacity 102433K, committed 102604K, reserved 1138688K
  class space    used 13072K, capacity 13997K, committed 14028K, reserved 1048576K
}
Event: 20.643 GC heap before
{Heap before GC invocations=34 (full 0):
 garbage-first heap   total 323584K, used 238458K [0x0000000080000000, 0x0000000100000000)
  region size 1024K, 15 young (15360K), 2 survivors (2048K)
 Metaspace       used 100475K, capacity 102911K, committed 103244K, reserved 1138688K
  class space    used 13139K, capacity 14044K, committed 14156K, reserved 1048576K
}
Event: 20.649 GC heap after
{Heap after GC invocations=35 (full 0):
 garbage-first heap   total 323584K, used 224817K [0x0000000080000000, 0x0000000100000000)
  region size 1024K, 1 young (1024K), 1 survivors (1024K)
 Metaspace       used 100475K, capacity 102911K, committed 103244K, reserved 1138688K
  class space    used 13139K, capacity 14044K, committed 14156K, reserved 1048576K
}
Event: 25.582 GC heap before
{Heap before GC invocations=35 (full 0):
 garbage-first heap   total 323584K, used 267825K [0x0000000080000000, 0x0000000100000000)
  region size 1024K, 43 young (44032K), 1 survivors (1024K)
 Metaspace       used 102556K, capacity 105240K, committed 105420K, reserved 1140736K
  class space    used 13439K, capacity 14469K, committed 14540K, reserved 1048576K
}

