# JRE version: OpenJDK Runtime Environment (11.0.10) (build 11.0.10+0-b96-7249189)
# Java VM: OpenJDK 64-Bit Server VM (11.0.10+0-b96-7249189, mixed mode, tiered, compressed oops, g1 gc, windows-amd64)
Heap:
 garbage-first heap   total 260096K, used 198183K [0x0000000080000000, 0x0000000100000000)
  region size 1024K, 96 young (98304K), 9 survivors (9216K)
 Metaspace       used 100795K, capacity 103253K, committed 103424K, reserved 1138688K
  class space    used 12598K, capacity 13501K, committed 13568K, reserved 1048576K
GC Heap History (20 events):
Event: 8.691 GC heap before
{Heap before GC invocations=7 (full 0):
 garbage-first heap   total 260096K, used 168731K [0x0000000080000000, 0x0000000100000000)
  region size 1024K, 141 young (144384K), 12 survivors (12288K)
 Metaspace       used 55807K, capacity 57264K, committed 57600K, reserved 1099776K
  class space    used 7069K, capacity 7583K, committed 7680K, reserved 1048576K
}
Event: 8.711 GC heap after
{Heap after GC invocations=8 (full 0):
 garbage-first heap   total 260096K, used 48144K [0x0000000080000000, 0x0000000100000000)
  region size 1024K, 18 young (18432K), 18 survivors (18432K)
 Metaspace       used 55807K, capacity 57264K, committed 57600K, reserved 1099776K
  class space    used 7069K, capacity 7583K, committed 7680K, reserved 1048576K
}
Event: 9.050 GC heap before
{Heap before GC invocations=8 (full 0):
 garbage-first heap   total 260096K, used 64528K [0x0000000080000000, 0x0000000100000000)
  region size 1024K, 35 young (35840K), 18 survivors (18432K)
 Metaspace       used 58606K, capacity 60038K, committed 60160K, reserved 1101824K
  class space    used 7442K, capacity 7998K, committed 8064K, reserved 1048576K
}
Event: 9.080 GC heap after
{Heap after GC invocations=9 (full 0):
 garbage-first heap   total 260096K, used 50611K [0x0000000080000000, 0x0000000100000000)
  region size 1024K, 3 young (3072K), 3 survivors (3072K)
 Metaspace       used 58606K, capacity 60038K, committed 60160K, reserved 1101824K
  class space    used 7442K, capacity 7998K, committed 8064K, reserved 1048576K
}
Event: 10.900 GC heap before
{Heap before GC invocations=10 (full 0):
 garbage-first heap   total 260096K, used 169395K [0x0000000080000000, 0x0000000100000000)
  region size 1024K, 119 young (121856K), 3 survivors (3072K)
 Metaspace       used 67560K, capacity 69072K, committed 69120K, reserved 1110016K
  class space    used 8616K, capacity 9178K, committed 9216K, reserved 1048576K
}
Event: 10.923 GC heap after
{Heap after GC invocations=11 (full 0):
 garbage-first heap   total 260096K, used 58109K [0x0000000080000000, 0x0000000100000000)
  region size 1024K, 11 young (11264K), 11 survivors (11264K)
 Metaspace       used 67560K, capacity 69072K, committed 69120K, reserved 1110016K
  class space    used 8616K, capacity 9178K, committed 9216K, reserved 1048576K
}
Event: 28.482 GC heap before
{Heap before GC invocations=12 (full 0):
 garbage-first heap   total 260096K, used 177917K [0x0000000080000000, 0x0000000100000000)
  region size 1024K, 128 young (131072K), 11 survivors (11264K)
 Metaspace       used 77223K, capacity 79074K, committed 79232K, reserved 1118208K
  class space    used 10061K, capacity 10757K, committed 10880K, reserved 1048576K
}
Event: 28.500 GC heap after
{Heap after GC invocations=13 (full 0):
 garbage-first heap   total 260096K, used 66364K [0x0000000080000000, 0x0000000100000000)
  region size 1024K, 9 young (9216K), 9 survivors (9216K)
 Metaspace       used 77223K, capacity 79074K, committed 79232K, reserved 1118208K
  class space    used 10061K, capacity 10757K, committed 10880K, reserved 1048576K
}
Event: 30.556 GC heap before
{Heap before GC invocations=13 (full 0):
 garbage-first heap   total 260096K, used 185148K [0x0000000080000000, 0x0000000100000000)
  region size 1024K, 126 young (129024K), 9 survivors (9216K)
 Metaspace       used 84402K, capacity 86524K, committed 86784K, reserved 1124352K
  class space    used 10929K, capacity 11712K, committed 11776K, reserved 1048576K
}
Event: 30.572 GC heap after
{Heap after GC invocations=14 (full 0):
 garbage-first heap   total 260096K, used 74747K [0x0000000080000000, 0x0000000100000000)
  region size 1024K, 16 young (16384K), 16 survivors (16384K)
 Metaspace       used 84402K, capacity 86524K, committed 86784K, reserved 1124352K
  class space    used 10929K, capacity 11712K, committed 11776K, reserved 1048576K
}
Event: 32.812 GC heap before
{Heap before GC invocations=14 (full 0):
 garbage-first heap   total 260096K, used 203771K [0x0000000080000000, 0x0000000100000000)
  region size 1024K, 132 young (135168K), 16 survivors (16384K)
 Metaspace       used 86568K, capacity 88863K, committed 89088K, reserved 1126400K
  class space    used 11130K, capacity 11953K, committed 12032K, reserved 1048576K
}
Event: 32.861 GC heap after
{Heap after GC invocations=15 (full 0):
 garbage-first heap   total 260096K, used 99018K [0x0000000080000000, 0x0000000100000000)
  region size 1024K, 17 young (17408K), 17 survivors (17408K)
 Metaspace       used 86568K, capacity 88863K, committed 89088K, reserved 1126400K
  class space    used 11130K, capacity 11953K, committed 12032K, reserved 1048576K
}
Event: 34.205 GC heap before
{Heap before GC invocations=15 (full 0):
 garbage-first heap   total 260096K, used 205514K [0x0000000080000000, 0x0000000100000000)
  region size 1024K, 107 young (109568K), 17 survivors (17408K)
 Metaspace       used 89127K, capacity 91409K, committed 91648K, reserved 1128448K
  class space    used 11428K, capacity 12234K, committed 12288K, reserved 1048576K
}
Event: 34.228 GC heap after
{Heap after GC invocations=16 (full 0):
 garbage-first heap   total 260096K, used 103225K [0x0000000080000000, 0x0000000100000000)
  region size 1024K, 3 young (3072K), 3 survivors (3072K)
 Metaspace       used 89127K, capacity 91409K, committed 91648K, reserved 1128448K
  class space    used 11428K, capacity 12234K, committed 12288K, reserved 1048576K
}
Event: 35.067 GC heap before
{Heap before GC invocations=16 (full 0):
 garbage-first heap   total 260096K, used 196409K [0x0000000080000000, 0x0000000100000000)
  region size 1024K, 95 young (97280K), 3 survivors (3072K)
 Metaspace       used 93529K, capacity 95857K, committed 96128K, reserved 1132544K
  class space    used 11756K, capacity 12592K, committed 12672K, reserved 1048576K
}
Event: 35.077 GC heap after
{Heap after GC invocations=17 (full 0):
 garbage-first heap   total 260096K, used 106423K [0x0000000080000000, 0x0000000100000000)
  region size 1024K, 7 young (7168K), 7 survivors (7168K)
 Metaspace       used 93529K, capacity 95857K, committed 96128K, reserved 1132544K
  class space    used 11756K, capacity 12592K, committed 12672K, reserved 1048576K
}
Event: 36.038 GC heap before
{Heap before GC invocations=17 (full 0):
 garbage-first heap   total 260096K, used 199607K [0x0000000080000000, 0x0000000100000000)
  region size 1024K, 99 young (101376K), 7 survivors (7168K)
 Metaspace       used 96643K, capacity 98897K, committed 99072K, reserved 1134592K
  class space    used 12118K, capacity 12961K, committed 13056K, reserved 1048576K
}
Event: 36.044 GC heap after
{Heap after GC invocations=18 (full 0):
 garbage-first heap   total 260096K, used 103493K [0x0000000080000000, 0x0000000100000000)
  region size 1024K, 4 young (4096K), 4 survivors (4096K)
 Metaspace       used 96643K, capacity 98897K, committed 99072K, reserved 1134592K
  class space    used 12118K, capacity 12961K, committed 13056K, reserved 1048576K
}
Event: 37.224 GC heap before
{Heap before GC invocations=18 (full 0):
 garbage-first heap   total 260096K, used 205893K [0x0000000080000000, 0x0000000100000000)
  region size 1024K, 101 young (103424K), 4 survivors (4096K)
 Metaspace       used 99733K, capacity 102167K, committed 102272K, reserved 1138688K
  class space    used 12462K, capacity 13354K, committed 13440K, reserved 1048576K
}
Event: 37.236 GC heap after
{Heap after GC invocations=19 (full 0):
 garbage-first heap   total 260096K, used 111143K [0x0000000080000000, 0x0000000100000000)
  region size 1024K, 9 young (9216K), 9 survivors (9216K)
 Metaspace       used 99733K, capacity 102167K, committed 102272K, reserved 1138688K
  class space    used 12462K, capacity 13354K, committed 13440K, reserved 1048576K
}

